<?xml version="1.0" encoding="UTF-8"?>
<!-- Generated by org.testng.reporters.JUnitReportReporter -->
<testsuite hostname="pradeeps-macbook.local" failures="0" tests="1" name="Ecomm_BDD_framework.cucumber.TestNGRunner" time="14.022" errors="0" timestamp="2025-07-16T13:17:41 IST" skipped="0">
  <testcase classname="Ecomm_BDD_framework.cucumber.TestNGRunner" name="runScenario" time="14.022"/>
</testsuite> <!-- Ecomm_BDD_framework.cucumber.TestNGRunner -->
