<?xml version="1.0" encoding="UTF-8"?>
<!-- Generated by org.testng.reporters.JUnitReportReporter -->
<testsuite hostname="pradeeps-macbook.local" failures="0" tests="2" name="Ecomm_framework.SubmitOrderTest" time="57.245" errors="0" timestamp="2025-07-14T15:32:14 IST" skipped="0">
  <testcase classname="Ecomm_framework.SubmitOrderTest" name="SubmitOrder" time="23.396"/>
  <testcase classname="Ecomm_framework.SubmitOrderTest" name="SubmitOrder" time="33.849"/>
</testsuite> <!-- Ecomm_framework.SubmitOrderTest -->
