<?xml version="1.0" encoding="UTF-8"?>
<!-- Generated by org.testng.reporters.JUnitReportReporter -->
<testsuite hostname="pradeeps-macbook.local" failures="0" tests="1" name="Ecomm_BDD_framework.cucumber.TestNGRunner" time="26.777" errors="0" timestamp="2025-07-16T11:25:10 IST" skipped="0">
  <testcase classname="Ecomm_BDD_framework.cucumber.TestNGRunner" name="runScenario" time="26.777"/>
</testsuite> <!-- Ecomm_BDD_framework.cucumber.TestNGRunner -->
