<?xml version="1.0" encoding="UTF-8"?>
<!-- Generated by org.testng.reporters.JUnitReportReporter -->
<testsuite hostname="pradeeps-macbook.local" failures="0" tests="1" name="Ecomm_framework.Tests.ErrorValidationTest" time="8.406" errors="0" timestamp="2025-07-15T17:26:41 IST" skipped="0">
  <testcase classname="Ecomm_framework.Tests.ErrorValidationTest" name="SubmitOrder" time="8.406"/>
</testsuite> <!-- Ecomm_framework.Tests.ErrorValidationTest -->
