<?xml version="1.0" encoding="UTF-8"?>
<!-- Generated by org.testng.reporters.JUnitReportReporter -->
<testsuite hostname="pradeeps-macbook.local" failures="0" tests="2" name="Ecomm_BDD_framework.Tests.ErrorValidationTest" time="18.067" errors="0" timestamp="2025-07-15T21:39:29 IST" skipped="0">
  <testcase classname="Ecomm_BDD_framework.Tests.ErrorValidationTest" name="SubmitOrder" time="5.965"/>
  <testcase classname="Ecomm_BDD_framework.Tests.ErrorValidationTest" name="productErrorValidation" time="12.102"/>
</testsuite> <!-- Ecomm_BDD_framework.Tests.ErrorValidationTest -->
