<?xml version="1.0" encoding="UTF-8"?>
<!-- Generated by org.testng.reporters.JUnitReportReporter -->
<testsuite hostname="pradeeps-macbook.local" failures="0" tests="2" name="Ecomm_BDD_framework.Tests.SubmitOrderTest" time="54.366" errors="0" timestamp="2025-07-15T21:34:13 IST" skipped="0">
  <testcase classname="Ecomm_BDD_framework.Tests.SubmitOrderTest" name="SubmitOrder" time="27.919"/>
  <testcase classname="Ecomm_BDD_framework.Tests.SubmitOrderTest" name="SubmitOrder" time="26.447"/>
</testsuite> <!-- Ecomm_BDD_framework.Tests.SubmitOrderTest -->
